2024-01-26 00:34:06,984:WARNING:
'cuml' is a soft dependency and not included in the pycaret installation. Please run: `pip install cuml` to install.
2024-01-26 00:34:06,984:WARNING:
'cuml' is a soft dependency and not included in the pycaret installation. Please run: `pip install cuml` to install.
2024-01-26 00:34:06,984:WARNING:
'cuml' is a soft dependency and not included in the pycaret installation. Please run: `pip install cuml` to install.
2024-01-26 00:34:06,984:WARNING:
'cuml' is a soft dependency and not included in the pycaret installation. Please run: `pip install cuml` to install.
2024-01-26 00:34:54,823:WARNING:
'cuml' is a soft dependency and not included in the pycaret installation. Please run: `pip install cuml` to install.
2024-01-26 00:34:54,825:WARNING:
'cuml' is a soft dependency and not included in the pycaret installation. Please run: `pip install cuml` to install.
2024-01-26 00:34:54,825:WARNING:
'cuml' is a soft dependency and not included in the pycaret installation. Please run: `pip install cuml` to install.
2024-01-26 00:34:54,825:WARNING:
'cuml' is a soft dependency and not included in the pycaret installation. Please run: `pip install cuml` to install.
2024-01-26 00:34:57,168:INFO:Initializing load_model()
2024-01-26 00:34:57,168:INFO:load_model(model_name=best-model, platform=None, authentication=None, verbose=True)
2024-01-26 00:34:57,913:INFO:Initializing predict_model()
2024-01-26 00:34:57,913:INFO:predict_model(self=<pycaret.classification.oop.ClassificationExperiment object at 0x00000177FF873790>, estimator=Pipeline(memory=Memory(location=None),
         steps=[('label_encoding',
                 TransformerWrapperWithInverse(transformer=LabelEncoder())),
                ('numerical_imputer',
                 TransformerWrapper(include=['EmployeeID', 'Age',
                                             'DistanceFromHome', 'Education',
                                             'EmployeeCount', 'JobLevel',
                                             'MonthlyIncome',
                                             'NumCompaniesWorked',
                                             'PercentSalaryHike',
                                             'StandardHours',
                                             'StockOptionLevel',
                                             'TotalWork...
                                                                    'JobRole',
                                                                    'MaritalStatus',
                                                                    'Over18'],
                                                              handle_missing='return_nan',
                                                              use_cat_names=True))),
                ('normalize', TransformerWrapper(transformer=StandardScaler())),
                ('feature_selection',
                 TransformerWrapper(exclude=[],
                                    transformer=SelectFromModel(estimator=LGBMClassifier(),
                                                                max_features=5,
                                                                threshold=-inf))),
                ('trained_model',
                 RandomForestClassifier(n_jobs=-1, random_state=4312))]), probability_threshold=None, encoded_labels=False, raw_score=False, round=4, verbose=True, ml_usecase=None, preprocess=True, encode_labels=<function _SupervisedExperiment.predict_model.<locals>.encode_labels at 0x00000177FF818820>)
2024-01-26 00:34:57,913:INFO:Checking exceptions
2024-01-26 00:34:57,913:INFO:Preloading libraries
2024-01-26 00:34:57,913:INFO:Set up data.
2024-01-26 00:34:57,925:INFO:Set up index.
